[0m11:29:00.320810 [debug] [MainThread]: Sending event: {'category': 'dbt', 'action': 'invocation', 'label': 'start', 'context': [<snowplow_tracker.self_describing_json.SelfDescribingJson object at 0x7f91e992a710>, <snowplow_tracker.self_describing_json.SelfDescribingJson object at 0x7f91eaafb880>, <snowplow_tracker.self_describing_json.SelfDescribingJson object at 0x7f91eaaf84c0>]}


============================== 11:29:00.328247 | 5b3c4c28-4b81-4706-ac0a-aaa4863d8160 ==============================
[0m11:29:00.328247 [info ] [MainThread]: Running with dbt=1.11.7
[0m11:29:00.329330 [debug] [MainThread]: running dbt with arguments {'use_experimental_parser': 'False', 'invocation_command': 'dbt init fintech_analytics', 'version_check': 'True', 'quiet': 'False', 'profiles_dir': '/Users/shruti/.dbt', 'printer_width': '80', 'log_path': 'logs', 'write_json': 'True', 'introspect': 'True', 'debug': 'False', 'fail_fast': 'False', 'log_format': 'default', 'no_print': 'None', 'cache_selected_only': 'False', 'use_colors': 'True', 'indirect_selection': 'eager', 'static_parser': 'True', 'partial_parse': 'True', 'send_anonymous_usage_stats': 'True', 'warn_error': 'None', 'empty': 'None', 'log_cache_events': 'False', 'warn_error_options': 'WarnErrorOptionsV2(error=[], warn=[], silence=[])', 'target_path': 'None'}
[0m11:29:00.359128 [info ] [MainThread]: Creating dbt configuration folder at /Users/shruti/.dbt
[0m11:29:00.362391 [debug] [MainThread]: Starter project path: /Users/shruti/anaconda3/lib/python3.10/site-packages/dbt/include/starter_project
[0m11:29:00.372197 [info ] [MainThread]: 
Your new dbt project "fintech_analytics" was created!

For more information on how to configure the profiles.yml file,
please consult the dbt documentation here:

  https://docs.getdbt.com/docs/configure-your-profile

One more thing:

Need help? Don't hesitate to reach out to us via GitHub issues or on Slack:

  https://community.getdbt.com/

Happy modeling!

[0m11:29:00.372816 [info ] [MainThread]: Setting up your profile.
[0m11:29:30.404727 [info ] [MainThread]: Profile fintech_analytics written to /Users/shruti/.dbt/profiles.yml using target's sample configuration. Once updated, you'll be able to start developing with dbt.
[0m11:29:30.408179 [debug] [MainThread]: Resource report: {"command_name": "init", "command_success": true, "command_wall_clock_time": 30.20595, "process_in_blocks": "0", "process_kernel_time": 0.378028, "process_mem_max_rss": "104329216", "process_out_blocks": "0", "process_user_time": 1.876462}
[0m11:29:30.408870 [debug] [MainThread]: Command `dbt init` succeeded at 11:29:30.408740 after 30.21 seconds
[0m11:29:30.409319 [debug] [MainThread]: Sending event: {'category': 'dbt', 'action': 'invocation', 'label': 'end', 'context': [<snowplow_tracker.self_describing_json.SelfDescribingJson object at 0x7f91e992a710>, <snowplow_tracker.self_describing_json.SelfDescribingJson object at 0x7f91eaafa200>, <snowplow_tracker.self_describing_json.SelfDescribingJson object at 0x7f91ead4ee30>]}
[0m11:29:30.409846 [debug] [MainThread]: Flushing usage events
[0m11:29:31.810080 [debug] [MainThread]: An error was encountered while trying to flush usage events
[0m11:39:30.037335 [debug] [MainThread]: Sending event: {'category': 'dbt', 'action': 'invocation', 'label': 'start', 'context': [<snowplow_tracker.self_describing_json.SelfDescribingJson object at 0x7fd6f5a32770>, <snowplow_tracker.self_describing_json.SelfDescribingJson object at 0x7fd6f7303790>, <snowplow_tracker.self_describing_json.SelfDescribingJson object at 0x7fd6f7303eb0>]}


============================== 11:39:30.045053 | c232192f-d4ff-4c19-a39e-69b99ef34f26 ==============================
[0m11:39:30.045053 [info ] [MainThread]: Running with dbt=1.11.7
[0m11:39:30.045817 [debug] [MainThread]: running dbt with arguments {'log_path': 'logs', 'use_experimental_parser': 'False', 'use_colors': 'True', 'printer_width': '80', 'quiet': 'False', 'invocation_command': 'dbt debug', 'introspect': 'True', 'log_cache_events': 'False', 'partial_parse': 'True', 'static_parser': 'True', 'empty': 'None', 'no_print': 'None', 'send_anonymous_usage_stats': 'True', 'fail_fast': 'False', 'profiles_dir': '/Users/shruti/.dbt', 'log_format': 'default', 'indirect_selection': 'eager', 'target_path': 'None', 'write_json': 'True', 'cache_selected_only': 'False', 'version_check': 'True', 'warn_error': 'None', 'debug': 'False', 'warn_error_options': 'WarnErrorOptionsV2(error=[], warn=[], silence=[])'}
[0m11:39:30.074449 [info ] [MainThread]: dbt version: 1.11.7
[0m11:39:30.075077 [info ] [MainThread]: python version: 3.10.9
[0m11:39:30.075461 [info ] [MainThread]: python path: /Users/shruti/anaconda3/bin/python
[0m11:39:30.075864 [info ] [MainThread]: os info: macOS-10.16-x86_64-i386-64bit
[0m11:39:30.325925 [info ] [MainThread]: Using profiles dir at /Users/shruti/.dbt
[0m11:39:30.326546 [info ] [MainThread]: Using profiles.yml file at /Users/shruti/.dbt/profiles.yml
[0m11:39:30.326995 [info ] [MainThread]: Using dbt_project.yml file at /Users/shruti/fintech_analytics_platform/dbt_project.yml
[0m11:39:30.330231 [info ] [MainThread]: adapter type: duckdb
[0m11:39:30.330903 [info ] [MainThread]: adapter version: 1.10.1
[0m11:39:30.331446 [info ] [MainThread]: Configuration:
[0m11:39:30.331791 [info ] [MainThread]:   profiles.yml file [[32mOK found and valid[0m]
[0m11:39:30.332174 [info ] [MainThread]:   dbt_project.yml file [[31mERROR not found[0m]
[0m11:39:30.332572 [info ] [MainThread]: Required dependencies:
[0m11:39:30.333228 [debug] [MainThread]: Executing "git --help"
[0m11:39:30.401625 [debug] [MainThread]: STDOUT: "b"usage: git [-v | --version] [-h | --help] [-C <path>] [-c <name>=<value>]\n           [--exec-path[=<path>]] [--html-path] [--man-path] [--info-path]\n           [-p | --paginate | -P | --no-pager] [--no-replace-objects] [--bare]\n           [--git-dir=<path>] [--work-tree=<path>] [--namespace=<name>]\n           [--super-prefix=<path>] [--config-env=<name>=<envvar>]\n           <command> [<args>]\n\nThese are common Git commands used in various situations:\n\nstart a working area (see also: git help tutorial)\n   clone     Clone a repository into a new directory\n   init      Create an empty Git repository or reinitialize an existing one\n\nwork on the current change (see also: git help everyday)\n   add       Add file contents to the index\n   mv        Move or rename a file, a directory, or a symlink\n   restore   Restore working tree files\n   rm        Remove files from the working tree and from the index\n\nexamine the history and state (see also: git help revisions)\n   bisect    Use binary search to find the commit that introduced a bug\n   diff      Show changes between commits, commit and working tree, etc\n   grep      Print lines matching a pattern\n   log       Show commit logs\n   show      Show various types of objects\n   status    Show the working tree status\n\ngrow, mark and tweak your common history\n   branch    List, create, or delete branches\n   commit    Record changes to the repository\n   merge     Join two or more development histories together\n   rebase    Reapply commits on top of another base tip\n   reset     Reset current HEAD to the specified state\n   switch    Switch branches\n   tag       Create, list, delete or verify a tag object signed with GPG\n\ncollaborate (see also: git help workflows)\n   fetch     Download objects and refs from another repository\n   pull      Fetch from and integrate with another repository or a local branch\n   push      Update remote refs along with associated objects\n\n'git help -a' and 'git help -g' list available subcommands and some\nconcept guides. See 'git help <command>' or 'git help <concept>'\nto read about a specific subcommand or concept.\nSee 'git help git' for an overview of the system.\n""
[0m11:39:30.402669 [debug] [MainThread]: STDERR: "b''"
[0m11:39:30.403095 [info ] [MainThread]:  - git [[32mOK found[0m]

[0m11:39:30.403528 [info ] [MainThread]: Connection:
[0m11:39:30.404013 [info ] [MainThread]:   database: fintech
[0m11:39:30.404390 [info ] [MainThread]:   schema: main
[0m11:39:30.404736 [info ] [MainThread]:   path: /Users/shruti/fintech_analytics_platform/fintech.duckdb
[0m11:39:30.405144 [info ] [MainThread]:   config_options: None
[0m11:39:30.405474 [info ] [MainThread]:   extensions: None
[0m11:39:30.405998 [info ] [MainThread]:   settings: {}
[0m11:39:30.406425 [info ] [MainThread]:   external_root: .
[0m11:39:30.406897 [info ] [MainThread]:   use_credential_provider: None
[0m11:39:30.407473 [info ] [MainThread]:   attach: None
[0m11:39:30.407895 [info ] [MainThread]:   filesystems: None
[0m11:39:30.408492 [info ] [MainThread]:   remote: None
[0m11:39:30.408847 [info ] [MainThread]:   plugins: None
[0m11:39:30.409174 [info ] [MainThread]:   disable_transactions: False
[0m11:39:30.410057 [info ] [MainThread]: Registered adapter: duckdb=1.10.1
[0m11:39:30.805638 [debug] [MainThread]: Acquiring new duckdb connection 'debug'
[0m11:39:30.870933 [debug] [MainThread]: Using duckdb connection "debug"
[0m11:39:30.871417 [debug] [MainThread]: On debug: select 1 as id
[0m11:39:30.871764 [debug] [MainThread]: Opening a new connection, currently in state init
[0m11:39:30.897059 [debug] [MainThread]: SQL status: OK in 0.025 seconds
[0m11:39:30.898542 [debug] [MainThread]: On debug: Close
[0m11:39:30.899295 [info ] [MainThread]:   Connection test: [[32mOK connection ok[0m]

[0m11:39:30.899881 [info ] [MainThread]: [31m1 check failed:[0m
[0m11:39:30.900405 [info ] [MainThread]: Project loading failed for the following reason:
 project path </Users/shruti/fintech_analytics_platform/dbt_project.yml> not found

[0m11:39:30.904540 [debug] [MainThread]: Resource report: {"command_name": "debug", "command_success": false, "command_wall_clock_time": 0.98750055, "process_in_blocks": "0", "process_kernel_time": 0.713588, "process_mem_max_rss": "124133376", "process_out_blocks": "0", "process_user_time": 2.659888}
[0m11:39:30.905271 [debug] [MainThread]: Command `dbt debug` failed at 11:39:30.905138 after 0.99 seconds
[0m11:39:30.905702 [debug] [MainThread]: Connection 'debug' was properly closed.
[0m11:39:30.906111 [debug] [MainThread]: Sending event: {'category': 'dbt', 'action': 'invocation', 'label': 'end', 'context': [<snowplow_tracker.self_describing_json.SelfDescribingJson object at 0x7fd6f5a32770>, <snowplow_tracker.self_describing_json.SelfDescribingJson object at 0x7fd6f7a2f9a0>, <snowplow_tracker.self_describing_json.SelfDescribingJson object at 0x7fd6f7a2fe50>]}
[0m11:39:30.906579 [debug] [MainThread]: Flushing usage events
[0m11:39:32.150947 [debug] [MainThread]: An error was encountered while trying to flush usage events
